<?xml version="1.0"?>
<!DOCTYPE coverage SYSTEM "http://cobertura.sourceforge.net/xml/coverage-04.dtd">

<coverage line-rate="0.7304347826086957" branch-rate="0.9666666666666667" lines-covered="84" lines-valid="115" branches-covered="29" branches-valid="30" complexity="1.4736842105263157" version="2.1.1" timestamp="1554073117482">
	<sources>
		<source>--source</source>
		<source>/media/joshua/martian/projects/arraysort/src/main/java</source>
	</sources>
	<packages>
		<package name="com.sorting" line-rate="0.0" branch-rate="1.0" complexity="1.0">
			<classes>
				<class name="com.sorting.SortingApplicationCli" filename="com/sorting/SortingApplicationCli.java" line-rate="0.0" branch-rate="1.0" complexity="1.0">
					<methods>
						<method name="&lt;clinit&gt;" signature="()V" line-rate="0.0" branch-rate="1.0" complexity="0">
							<lines>
								<line number="28" hits="0" branch="false"/>
							</lines>
						</method>
						<method name="&lt;init&gt;" signature="()V" line-rate="0.0" branch-rate="1.0" complexity="0">
							<lines>
								<line number="26" hits="0" branch="false"/>
							</lines>
						</method>
						<method name="main" signature="([Ljava/lang/String;)V" line-rate="0.0" branch-rate="1.0" complexity="0">
							<lines>
								<line number="31" hits="0" branch="false"/>
								<line number="32" hits="0" branch="false"/>
								<line number="33" hits="0" branch="false"/>
								<line number="35" hits="0" branch="false"/>
								<line number="37" hits="0" branch="false"/>
								<line number="38" hits="0" branch="false"/>
								<line number="39" hits="0" branch="false"/>
								<line number="40" hits="0" branch="false"/>
								<line number="41" hits="0" branch="false"/>
							</lines>
						</method>
					</methods>
					<lines>
						<line number="26" hits="0" branch="false"/>
						<line number="28" hits="0" branch="false"/>
						<line number="31" hits="0" branch="false"/>
						<line number="32" hits="0" branch="false"/>
						<line number="33" hits="0" branch="false"/>
						<line number="35" hits="0" branch="false"/>
						<line number="37" hits="0" branch="false"/>
						<line number="38" hits="0" branch="false"/>
						<line number="39" hits="0" branch="false"/>
						<line number="40" hits="0" branch="false"/>
						<line number="41" hits="0" branch="false"/>
					</lines>
				</class>
			</classes>
		</package>
		<package name="com.sorting.components" line-rate="1.0" branch-rate="0.9666666666666667" complexity="2.0">
			<classes>
				<class name="com.sorting.components.AbstractSort" filename="com/sorting/components/AbstractSort.java" line-rate="1.0" branch-rate="1.0" complexity="1.0">
					<methods>
						<method name="&lt;init&gt;" signature="()V" line-rate="1.0" branch-rate="1.0" complexity="0">
							<lines>
								<line number="7" hits="9" branch="false"/>
							</lines>
						</method>
						<method name="execute" signature="([I)Lcom/sorting/model/SortResponse;" line-rate="1.0" branch-rate="1.0" complexity="0">
							<lines>
								<line number="12" hits="3" branch="false"/>
								<line number="13" hits="3" branch="false"/>
								<line number="14" hits="3" branch="false"/>
								<line number="15" hits="3" branch="false"/>
								<line number="16" hits="3" branch="false"/>
							</lines>
						</method>
					</methods>
					<lines>
						<line number="7" hits="9" branch="false"/>
						<line number="12" hits="3" branch="false"/>
						<line number="13" hits="3" branch="false"/>
						<line number="14" hits="3" branch="false"/>
						<line number="15" hits="3" branch="false"/>
						<line number="16" hits="3" branch="false"/>
					</lines>
				</class>
				<class name="com.sorting.components.IMergeSort" filename="com/sorting/components/IMergeSort.java" line-rate="1.0" branch-rate="1.0" complexity="1.0">
					<methods>
					</methods>
					<lines>
					</lines>
				</class>
				<class name="com.sorting.components.InsertionSort" filename="com/sorting/components/InsertionSort.java" line-rate="1.0" branch-rate="1.0" complexity="2.6666666666666665">
					<methods>
						<method name="&lt;clinit&gt;" signature="()V" line-rate="1.0" branch-rate="1.0" complexity="0">
							<lines>
								<line number="30" hits="1" branch="false"/>
							</lines>
						</method>
						<method name="&lt;init&gt;" signature="()V" line-rate="1.0" branch-rate="1.0" complexity="0">
							<lines>
								<line number="28" hits="2" branch="false"/>
								<line number="31" hits="2" branch="false"/>
							</lines>
						</method>
						<method name="execute" signature="([I)Lcom/sorting/model/SortResponse;" line-rate="1.0" branch-rate="1.0" complexity="0">
							<lines>
								<line number="84" hits="1" branch="false"/>
								<line number="85" hits="1" branch="false"/>
								<line number="86" hits="1" branch="false"/>
							</lines>
						</method>
						<method name="sort" signature="([I)[I" line-rate="1.0" branch-rate="1.0" complexity="0">
							<lines>
								<line number="65" hits="19" branch="true" condition-coverage="100% (2/2)">
									<conditions>
										<condition number="0" type="jump" coverage="100%"/>
									</conditions>
								</line>
								<line number="66" hits="17" branch="false"/>
								<line number="67" hits="17" branch="false"/>
								<line number="68" hits="17" branch="false"/>
								<line number="70" hits="17" branch="true" condition-coverage="100% (2/2)">
									<conditions>
										<condition number="0" type="jump" coverage="100%"/>
									</conditions>
								</line>
								<line number="72" hits="2" branch="false"/>
							</lines>
						</method>
						<method name="swapUntilSortedState" signature="([II)V" line-rate="1.0" branch-rate="1.0" complexity="0">
							<lines>
								<line number="47" hits="59" branch="true" condition-coverage="100% (2/2)">
									<conditions>
										<condition number="0" type="jump" coverage="100%"/>
									</conditions>
								</line>
								<line number="48" hits="53" branch="true" condition-coverage="100% (2/2)">
									<conditions>
										<condition number="0" type="jump" coverage="100%"/>
									</conditions>
								</line>
								<line number="49" hits="45" branch="false"/>
								<line number="50" hits="45" branch="false"/>
								<line number="51" hits="45" branch="false"/>
								<line number="52" hits="45" branch="false"/>
								<line number="54" hits="53" branch="false"/>
							</lines>
						</method>
					</methods>
					<lines>
						<line number="28" hits="2" branch="false"/>
						<line number="30" hits="1" branch="false"/>
						<line number="31" hits="2" branch="false"/>
						<line number="47" hits="59" branch="true" condition-coverage="100% (2/2)">
							<conditions>
								<condition number="0" type="jump" coverage="100%"/>
							</conditions>
						</line>
						<line number="48" hits="53" branch="true" condition-coverage="100% (2/2)">
							<conditions>
								<condition number="0" type="jump" coverage="100%"/>
							</conditions>
						</line>
						<line number="49" hits="45" branch="false"/>
						<line number="50" hits="45" branch="false"/>
						<line number="51" hits="45" branch="false"/>
						<line number="52" hits="45" branch="false"/>
						<line number="54" hits="53" branch="false"/>
						<line number="65" hits="19" branch="true" condition-coverage="100% (2/2)">
							<conditions>
								<condition number="0" type="jump" coverage="100%"/>
							</conditions>
						</line>
						<line number="66" hits="17" branch="false"/>
						<line number="67" hits="17" branch="false"/>
						<line number="68" hits="17" branch="false"/>
						<line number="70" hits="17" branch="true" condition-coverage="100% (2/2)">
							<conditions>
								<condition number="0" type="jump" coverage="100%"/>
							</conditions>
						</line>
						<line number="72" hits="2" branch="false"/>
						<line number="84" hits="1" branch="false"/>
						<line number="85" hits="1" branch="false"/>
						<line number="86" hits="1" branch="false"/>
					</lines>
				</class>
				<class name="com.sorting.components.InstrumentationSort" filename="com/sorting/components/InstrumentationSort.java" line-rate="1.0" branch-rate="1.0" complexity="1.0">
					<methods>
					</methods>
					<lines>
					</lines>
				</class>
				<class name="com.sorting.components.MergeSort" filename="com/sorting/components/MergeSort.java" line-rate="1.0" branch-rate="0.9545454545454546" complexity="2.857142857142857">
					<methods>
						<method name="&lt;clinit&gt;" signature="()V" line-rate="1.0" branch-rate="1.0" complexity="0">
							<lines>
								<line number="27" hits="1" branch="false"/>
							</lines>
						</method>
						<method name="&lt;init&gt;" signature="()V" line-rate="1.0" branch-rate="1.0" complexity="0">
							<lines>
								<line number="25" hits="7" branch="false"/>
								<line number="28" hits="7" branch="false"/>
							</lines>
						</method>
						<method name="calculateMidPoint" signature="([I)I" line-rate="1.0" branch-rate="1.0" complexity="0">
							<lines>
								<line number="38" hits="27" branch="false"/>
							</lines>
						</method>
						<method name="constructRightArray" signature="(I[I)[I" line-rate="1.0" branch-rate="1.0" complexity="0">
							<lines>
								<line number="81" hits="26" branch="true" condition-coverage="100% (2/2)">
									<conditions>
										<condition number="0" type="jump" coverage="100%"/>
									</conditions>
								</line>
								<line number="82" hits="19" branch="false"/>
								<line number="84" hits="7" branch="false"/>
							</lines>
						</method>
						<method name="execute" signature="([I)Lcom/sorting/model/SortResponse;" line-rate="1.0" branch-rate="1.0" complexity="0">
							<lines>
								<line number="163" hits="2" branch="false"/>
								<line number="164" hits="2" branch="false"/>
								<line number="165" hits="2" branch="false"/>
							</lines>
						</method>
						<method name="loadLeftArray" signature="(I[I[I)[I" line-rate="1.0" branch-rate="1.0" complexity="0">
							<lines>
								<line number="50" hits="69" branch="true" condition-coverage="100% (2/2)">
									<conditions>
										<condition number="0" type="jump" coverage="100%"/>
									</conditions>
								</line>
								<line number="51" hits="44" branch="false"/>
								<line number="53" hits="25" branch="false"/>
							</lines>
						</method>
						<method name="loadRightArray" signature="([I[I)[I" line-rate="1.0" branch-rate="1.0" complexity="0">
							<lines>
								<line number="64" hits="75" branch="true" condition-coverage="100% (2/2)">
									<conditions>
										<condition number="0" type="jump" coverage="100%"/>
									</conditions>
								</line>
								<line number="65" hits="50" branch="false"/>
								<line number="67" hits="25" branch="false"/>
							</lines>
						</method>
						<method name="merge" signature="([I[I)[I" line-rate="1.0" branch-rate="0.9285714285714286" complexity="0">
							<lines>
								<line number="123" hits="25" branch="false"/>
								<line number="125" hits="25" branch="false"/>
								<line number="126" hits="25" branch="false"/>
								<line number="127" hits="25" branch="false"/>
								<line number="129" hits="115" branch="true" condition-coverage="100% (4/4)">
									<conditions>
										<condition number="0" type="jump" coverage="100%"/>
										<condition number="1" type="jump" coverage="100%"/>
									</conditions>
								</line>
								<line number="130" hits="90" branch="true" condition-coverage="100% (4/4)">
									<conditions>
										<condition number="0" type="jump" coverage="100%"/>
										<condition number="1" type="jump" coverage="100%"/>
									</conditions>
								</line>
								<line number="131" hits="60" branch="true" condition-coverage="100% (2/2)">
									<conditions>
										<condition number="0" type="jump" coverage="100%"/>
									</conditions>
								</line>
								<line number="132" hits="29" branch="false"/>
								<line number="133" hits="29" branch="false"/>
								<line number="134" hits="29" branch="false"/>
								<line number="136" hits="31" branch="false"/>
								<line number="137" hits="31" branch="false"/>
								<line number="138" hits="31" branch="false"/>
								<line number="140" hits="30" branch="true" condition-coverage="100% (2/2)">
									<conditions>
										<condition number="0" type="jump" coverage="100%"/>
									</conditions>
								</line>
								<line number="141" hits="13" branch="false"/>
								<line number="142" hits="13" branch="false"/>
								<line number="143" hits="13" branch="false"/>
								<line number="144" hits="17" branch="true" condition-coverage="50% (1/2)">
									<conditions>
										<condition number="0" type="jump" coverage="50%"/>
									</conditions>
								</line>
								<line number="145" hits="17" branch="false"/>
								<line number="146" hits="17" branch="false"/>
								<line number="147" hits="17" branch="false"/>
								<line number="150" hits="25" branch="false"/>
								<line number="151" hits="25" branch="false"/>
							</lines>
						</method>
						<method name="sort" signature="([I)[I" line-rate="1.0" branch-rate="1.0" complexity="0">
							<lines>
								<line number="101" hits="51" branch="true" condition-coverage="100% (2/2)">
									<conditions>
										<condition number="0" type="jump" coverage="100%"/>
									</conditions>
								</line>
								<line number="103" hits="24" branch="false"/>
								<line number="104" hits="24" branch="false"/>
								<line number="105" hits="24" branch="false"/>
								<line number="108" hits="24" branch="false"/>
								<line number="109" hits="24" branch="false"/>
								<line number="111" hits="24" branch="false"/>
							</lines>
						</method>
					</methods>
					<lines>
						<line number="25" hits="7" branch="false"/>
						<line number="27" hits="1" branch="false"/>
						<line number="28" hits="7" branch="false"/>
						<line number="38" hits="27" branch="false"/>
						<line number="50" hits="69" branch="true" condition-coverage="100% (2/2)">
							<conditions>
								<condition number="0" type="jump" coverage="100%"/>
							</conditions>
						</line>
						<line number="51" hits="44" branch="false"/>
						<line number="53" hits="25" branch="false"/>
						<line number="64" hits="75" branch="true" condition-coverage="100% (2/2)">
							<conditions>
								<condition number="0" type="jump" coverage="100%"/>
							</conditions>
						</line>
						<line number="65" hits="50" branch="false"/>
						<line number="67" hits="25" branch="false"/>
						<line number="81" hits="26" branch="true" condition-coverage="100% (2/2)">
							<conditions>
								<condition number="0" type="jump" coverage="100%"/>
							</conditions>
						</line>
						<line number="82" hits="19" branch="false"/>
						<line number="84" hits="7" branch="false"/>
						<line number="101" hits="51" branch="true" condition-coverage="100% (2/2)">
							<conditions>
								<condition number="0" type="jump" coverage="100%"/>
							</conditions>
						</line>
						<line number="103" hits="24" branch="false"/>
						<line number="104" hits="24" branch="false"/>
						<line number="105" hits="24" branch="false"/>
						<line number="108" hits="24" branch="false"/>
						<line number="109" hits="24" branch="false"/>
						<line number="111" hits="24" branch="false"/>
						<line number="123" hits="25" branch="false"/>
						<line number="125" hits="25" branch="false"/>
						<line number="126" hits="25" branch="false"/>
						<line number="127" hits="25" branch="false"/>
						<line number="129" hits="115" branch="true" condition-coverage="100% (4/4)">
							<conditions>
								<condition number="0" type="jump" coverage="100%"/>
								<condition number="1" type="jump" coverage="100%"/>
							</conditions>
						</line>
						<line number="130" hits="90" branch="true" condition-coverage="100% (4/4)">
							<conditions>
								<condition number="0" type="jump" coverage="100%"/>
								<condition number="1" type="jump" coverage="100%"/>
							</conditions>
						</line>
						<line number="131" hits="60" branch="true" condition-coverage="100% (2/2)">
							<conditions>
								<condition number="0" type="jump" coverage="100%"/>
							</conditions>
						</line>
						<line number="132" hits="29" branch="false"/>
						<line number="133" hits="29" branch="false"/>
						<line number="134" hits="29" branch="false"/>
						<line number="136" hits="31" branch="false"/>
						<line number="137" hits="31" branch="false"/>
						<line number="138" hits="31" branch="false"/>
						<line number="140" hits="30" branch="true" condition-coverage="100% (2/2)">
							<conditions>
								<condition number="0" type="jump" coverage="100%"/>
							</conditions>
						</line>
						<line number="141" hits="13" branch="false"/>
						<line number="142" hits="13" branch="false"/>
						<line number="143" hits="13" branch="false"/>
						<line number="144" hits="17" branch="true" condition-coverage="50% (1/2)">
							<conditions>
								<condition number="0" type="jump" coverage="50%"/>
							</conditions>
						</line>
						<line number="145" hits="17" branch="false"/>
						<line number="146" hits="17" branch="false"/>
						<line number="147" hits="17" branch="false"/>
						<line number="150" hits="25" branch="false"/>
						<line number="151" hits="25" branch="false"/>
						<line number="163" hits="2" branch="false"/>
						<line number="164" hits="2" branch="false"/>
						<line number="165" hits="2" branch="false"/>
					</lines>
				</class>
			</classes>
		</package>
		<package name="com.sorting.model" line-rate="0.4090909090909091" branch-rate="1.0" complexity="1.0">
			<classes>
				<class name="com.sorting.model.SortResponse" filename="com/sorting/model/SortResponse.java" line-rate="0.4090909090909091" branch-rate="1.0" complexity="1.0">
					<methods>
						<method name="&lt;init&gt;" signature="(ILjava/lang/String;Ljava/lang/String;I)V" line-rate="1.0" branch-rate="1.0" complexity="0">
							<lines>
								<line number="11" hits="3" branch="false"/>
								<line number="12" hits="3" branch="false"/>
								<line number="13" hits="3" branch="false"/>
								<line number="14" hits="3" branch="false"/>
								<line number="15" hits="3" branch="false"/>
								<line number="16" hits="3" branch="false"/>
							</lines>
						</method>
						<method name="getArraySize" signature="()I" line-rate="0.0" branch-rate="1.0" complexity="0">
							<lines>
								<line number="19" hits="0" branch="false"/>
							</lines>
						</method>
						<method name="getCount" signature="()I" line-rate="0.0" branch-rate="1.0" complexity="0">
							<lines>
								<line number="35" hits="0" branch="false"/>
							</lines>
						</method>
						<method name="getInput" signature="()Ljava/lang/String;" line-rate="0.0" branch-rate="1.0" complexity="0">
							<lines>
								<line number="51" hits="0" branch="false"/>
							</lines>
						</method>
						<method name="getRunningTime" signature="()Ljava/lang/String;" line-rate="0.0" branch-rate="1.0" complexity="0">
							<lines>
								<line number="27" hits="0" branch="false"/>
							</lines>
						</method>
						<method name="getSortResult" signature="()Ljava/lang/String;" line-rate="1.0" branch-rate="1.0" complexity="0">
							<lines>
								<line number="43" hits="3" branch="false"/>
							</lines>
						</method>
						<method name="setArraySize" signature="(I)V" line-rate="0.0" branch-rate="1.0" complexity="0">
							<lines>
								<line number="23" hits="0" branch="false"/>
								<line number="24" hits="0" branch="false"/>
							</lines>
						</method>
						<method name="setCount" signature="(I)V" line-rate="1.0" branch-rate="1.0" complexity="0">
							<lines>
								<line number="39" hits="3" branch="false"/>
								<line number="40" hits="3" branch="false"/>
							</lines>
						</method>
						<method name="setInput" signature="(Ljava/lang/String;)V" line-rate="0.0" branch-rate="1.0" complexity="0">
							<lines>
								<line number="55" hits="0" branch="false"/>
								<line number="56" hits="0" branch="false"/>
							</lines>
						</method>
						<method name="setRunningTime" signature="(Ljava/lang/String;)V" line-rate="0.0" branch-rate="1.0" complexity="0">
							<lines>
								<line number="31" hits="0" branch="false"/>
								<line number="32" hits="0" branch="false"/>
							</lines>
						</method>
						<method name="setSortResult" signature="(Ljava/lang/String;)V" line-rate="0.0" branch-rate="1.0" complexity="0">
							<lines>
								<line number="47" hits="0" branch="false"/>
								<line number="48" hits="0" branch="false"/>
							</lines>
						</method>
						<method name="toString" signature="()Ljava/lang/String;" line-rate="0.0" branch-rate="1.0" complexity="0">
							<lines>
								<line number="60" hits="0" branch="false"/>
							</lines>
						</method>
					</methods>
					<lines>
						<line number="11" hits="3" branch="false"/>
						<line number="12" hits="3" branch="false"/>
						<line number="13" hits="3" branch="false"/>
						<line number="14" hits="3" branch="false"/>
						<line number="15" hits="3" branch="false"/>
						<line number="16" hits="3" branch="false"/>
						<line number="19" hits="0" branch="false"/>
						<line number="23" hits="0" branch="false"/>
						<line number="24" hits="0" branch="false"/>
						<line number="27" hits="0" branch="false"/>
						<line number="31" hits="0" branch="false"/>
						<line number="32" hits="0" branch="false"/>
						<line number="35" hits="0" branch="false"/>
						<line number="39" hits="3" branch="false"/>
						<line number="40" hits="3" branch="false"/>
						<line number="43" hits="3" branch="false"/>
						<line number="47" hits="0" branch="false"/>
						<line number="48" hits="0" branch="false"/>
						<line number="51" hits="0" branch="false"/>
						<line number="55" hits="0" branch="false"/>
						<line number="56" hits="0" branch="false"/>
						<line number="60" hits="0" branch="false"/>
					</lines>
				</class>
			</classes>
		</package>
		<package name="com.sorting.services" line-rate="1.0" branch-rate="1.0" complexity="1.0">
			<classes>
				<class name="com.sorting.services.SortService" filename="com/sorting/services/SortService.java" line-rate="1.0" branch-rate="1.0" complexity="1.0">
					<methods>
						<method name="&lt;init&gt;" signature="(Lcom/sorting/components/InstrumentationSort;)V" line-rate="1.0" branch-rate="1.0" complexity="0">
							<lines>
								<line number="17" hits="1" branch="false"/>
								<line number="18" hits="1" branch="false"/>
								<line number="19" hits="1" branch="false"/>
							</lines>
						</method>
						<method name="execute" signature="([I)Lcom/sorting/model/SortResponse;" line-rate="1.0" branch-rate="1.0" complexity="0">
							<lines>
								<line number="23" hits="1" branch="false"/>
							</lines>
						</method>
					</methods>
					<lines>
						<line number="17" hits="1" branch="false"/>
						<line number="18" hits="1" branch="false"/>
						<line number="19" hits="1" branch="false"/>
						<line number="23" hits="1" branch="false"/>
					</lines>
				</class>
			</classes>
		</package>
		<package name="com.sorting.utils" line-rate="0.0" branch-rate="1.0" complexity="1.0">
			<classes>
				<class name="com.sorting.utils.JsonUtils" filename="com/sorting/utils/JsonUtils.java" line-rate="0.0" branch-rate="1.0" complexity="1.0">
					<methods>
						<method name="&lt;init&gt;" signature="()V" line-rate="0.0" branch-rate="1.0" complexity="0">
							<lines>
								<line number="14" hits="0" branch="false"/>
								<line number="15" hits="0" branch="false"/>
								<line number="16" hits="0" branch="false"/>
							</lines>
						</method>
						<method name="fromJson" signature="(Ljava/io/Reader;Ljava/lang/Class;)Ljava/lang/Object;" line-rate="0.0" branch-rate="1.0" complexity="0">
							<lines>
								<line number="30" hits="0" branch="false"/>
							</lines>
						</method>
						<method name="fromJson" signature="(Ljava/io/Reader;Ljava/lang/reflect/Type;)Ljava/lang/Object;" line-rate="0.0" branch-rate="1.0" complexity="0">
							<lines>
								<line number="35" hits="0" branch="false"/>
							</lines>
						</method>
						<method name="fromJson" signature="(Ljava/lang/String;Ljava/lang/Class;)Ljava/lang/Object;" line-rate="0.0" branch-rate="1.0" complexity="0">
							<lines>
								<line number="25" hits="0" branch="false"/>
							</lines>
						</method>
						<method name="toJson" signature="(Ljava/lang/Object;)Ljava/lang/String;" line-rate="0.0" branch-rate="1.0" complexity="0">
							<lines>
								<line number="20" hits="0" branch="false"/>
							</lines>
						</method>
					</methods>
					<lines>
						<line number="14" hits="0" branch="false"/>
						<line number="15" hits="0" branch="false"/>
						<line number="16" hits="0" branch="false"/>
						<line number="20" hits="0" branch="false"/>
						<line number="25" hits="0" branch="false"/>
						<line number="30" hits="0" branch="false"/>
						<line number="35" hits="0" branch="false"/>
					</lines>
				</class>
			</classes>
		</package>
	</packages>
</coverage>
