GROUP,PACKAGE,CLASS,INSTRUCTION_MISSED,INSTRUCTION_COVERED,BRANCH_MISSED,BRANCH_COVERED,LINE_MISSED,LINE_COVERED,COMPLEXITY_MISSED,COMPLEXITY_COVERED,METHOD_MISSED,METHOD_COVERED
arraysort,com.sorting,SortingApplicationCli,266,0,2,0,11,0,8,0,7,0
arraysort,com.sorting.model,SortResponse,322,101,1,1,13,9,13,5,12,5
arraysort,com.sorting.services,SortService,46,53,1,1,0,4,4,4,3,4
arraysort,com.sorting.components,MergeSort,365,775,2,22,0,46,5,20,3,10
arraysort,com.sorting.components,InsertionSort,162,329,1,9,0,19,4,10,3,6
arraysort,com.sorting.components,AbstractSort,58,89,1,1,0,6,4,4,3,4
arraysort,com.sorting.utils,JsonUtils,166,0,2,0,7,0,11,0,10,0
